<?xml version="1.0" encoding="UTF-8"?>
<testsuite xmlns:xsi="http://www.w3.org/2001/XMLSchema-instance" xsi:noNamespaceSchemaLocation="https://maven.apache.org/surefire/maven-surefire-plugin/xsd/surefire-test-report.xsd" name="com.cognixia.jump.controller.UserAppControllerTest" time="3.158" tests="2" errors="0" skipped="0" failures="2">
  <properties>
[...]
</properties>
  <testcase name="testGetUsers" classname="com.cognixia.jump.controller.UserAppControllerTest" time="0.192">
    <failure message="No value at JSON path &quot;$[0].id&quot;" type="java.lang.AssertionError">java.lang.AssertionError: No value at JSON path "$[0].id"
	at com.cognixia.jump.controller.UserAppControllerTest.testGetUsers(UserAppControllerTest.java:83)
Caused by: com.jayway.jsonpath.PathNotFoundException: No results for path: $[0]['id']
</failure>
    <system-out><![CDATA[11:38:40.198 [main] DEBUG org.springframework.test.context.BootstrapUtils - Instantiating CacheAwareContextLoaderDelegate from class [org.springframework.test.context.cache.DefaultCacheAwareContextLoaderDelegate]
11:38:40.205 [main] DEBUG org.springframework.test.context.BootstrapUtils - Instantiating BootstrapContext using constructor [public org.springframework.test.context.support.DefaultBootstrapContext(java.lang.Class,org.springframework.test.context.CacheAwareContextLoaderDelegate)]
11:38:40.239 [main] DEBUG org.springframework.test.context.BootstrapUtils - Instantiating TestContextBootstrapper for test class [com.cognixia.jump.controller.UserAppControllerTest] from class [org.springframework.boot.test.autoconfigure.web.servlet.WebMvcTestContextBootstrapper]
11:38:40.250 [main] INFO org.springframework.boot.test.autoconfigure.web.servlet.WebMvcTestContextBootstrapper - Neither @ContextConfiguration nor @ContextHierarchy found for test class [com.cognixia.jump.controller.UserAppControllerTest], using SpringBootContextLoader
11:38:40.257 [main] DEBUG org.springframework.test.context.support.AbstractContextLoader - Did not detect default resource location for test class [com.cognixia.jump.controller.UserAppControllerTest]: class path resource [com/cognixia/jump/controller/UserAppControllerTest-context.xml] does not exist
11:38:40.258 [main] DEBUG org.springframework.test.context.support.AbstractContextLoader - Did not detect default resource location for test class [com.cognixia.jump.controller.UserAppControllerTest]: class path resource [com/cognixia/jump/controller/UserAppControllerTestContext.groovy] does not exist
11:38:40.258 [main] INFO org.springframework.test.context.support.AbstractContextLoader - Could not detect default resource locations for test class [com.cognixia.jump.controller.UserAppControllerTest]: no resource found for suffixes {-context.xml, Context.groovy}.
11:38:40.258 [main] DEBUG org.springframework.test.context.support.AnnotationConfigContextLoaderUtils - Ignoring class [com.cognixia.jump.controller.UserAppControllerTest$Role]; it must be static, non-private, non-final, and annotated with @Configuration to be considered a default configuration class.
11:38:40.258 [main] INFO org.springframework.test.context.support.AnnotationConfigContextLoaderUtils - Could not detect default configuration classes for test class [com.cognixia.jump.controller.UserAppControllerTest]: UserAppControllerTest does not declare any static, non-private, non-final, nested classes annotated with @Configuration.
11:38:40.355 [main] DEBUG org.springframework.test.context.support.ActiveProfilesUtils - Could not find an 'annotation declaring class' for annotation type [org.springframework.test.context.ActiveProfiles] and class [com.cognixia.jump.controller.UserAppControllerTest]
11:38:40.428 [main] DEBUG org.springframework.context.annotation.ClassPathScanningCandidateComponentProvider - Identified candidate component class: file [A:\OneDrive\Documents\GitHub\jumpFinalProject\target\classes\com\cognixia\jump\jumpFinalProject.class]
11:38:40.429 [main] INFO org.springframework.boot.test.context.SpringBootTestContextBootstrapper - Found @SpringBootConfiguration com.cognixia.jump.jumpFinalProject for test class com.cognixia.jump.controller.UserAppControllerTest
11:38:40.432 [main] DEBUG org.springframework.boot.test.autoconfigure.web.servlet.WebMvcTestContextBootstrapper - @TestExecutionListeners is not present for class [com.cognixia.jump.controller.UserAppControllerTest]: using defaults.
11:38:40.432 [main] INFO org.springframework.boot.test.autoconfigure.web.servlet.WebMvcTestContextBootstrapper - Loaded default TestExecutionListener class names from location [META-INF/spring.factories]: [org.springframework.boot.test.mock.mockito.MockitoTestExecutionListener, org.springframework.boot.test.mock.mockito.ResetMocksTestExecutionListener, org.springframework.boot.test.autoconfigure.restdocs.RestDocsTestExecutionListener, org.springframework.boot.test.autoconfigure.web.client.MockRestServiceServerResetTestExecutionListener, org.springframework.boot.test.autoconfigure.web.servlet.MockMvcPrintOnlyOnFailureTestExecutionListener, org.springframework.boot.test.autoconfigure.web.servlet.WebDriverTestExecutionListener, org.springframework.boot.test.autoconfigure.webservices.client.MockWebServiceServerTestExecutionListener, org.springframework.test.context.web.ServletTestExecutionListener, org.springframework.test.context.support.DirtiesContextBeforeModesTestExecutionListener, org.springframework.test.context.event.ApplicationEventsTestExecutionListener, org.springframework.test.context.support.DependencyInjectionTestExecutionListener, org.springframework.test.context.support.DirtiesContextTestExecutionListener, org.springframework.test.context.transaction.TransactionalTestExecutionListener, org.springframework.test.context.jdbc.SqlScriptsTestExecutionListener, org.springframework.test.context.event.EventPublishingTestExecutionListener, org.springframework.security.test.context.support.WithSecurityContextTestExecutionListener, org.springframework.security.test.context.support.ReactorContextTestExecutionListener]
11:38:40.450 [main] INFO org.springframework.boot.test.autoconfigure.web.servlet.WebMvcTestContextBootstrapper - Using TestExecutionListeners: [org.springframework.test.context.web.ServletTestExecutionListener@753432a2, org.springframework.test.context.support.DirtiesContextBeforeModesTestExecutionListener@23bff419, org.springframework.test.context.event.ApplicationEventsTestExecutionListener@4983159f, org.springframework.boot.test.mock.mockito.MockitoTestExecutionListener@44e3a2b2, org.springframework.boot.test.autoconfigure.SpringBootDependencyInjectionTestExecutionListener@101639ae, org.springframework.test.context.support.DirtiesContextTestExecutionListener@4c550889, org.springframework.test.context.transaction.TransactionalTestExecutionListener@1d2bd371, org.springframework.test.context.jdbc.SqlScriptsTestExecutionListener@44040454, org.springframework.test.context.event.EventPublishingTestExecutionListener@65fe9e33, org.springframework.security.test.context.support.WithSecurityContextTestExecutionListener@18bc345, org.springframework.security.test.context.support.ReactorContextTestExecutionListener@42f8285e, org.springframework.boot.test.mock.mockito.ResetMocksTestExecutionListener@26bab2f1, org.springframework.boot.test.autoconfigure.restdocs.RestDocsTestExecutionListener@3724af13, org.springframework.boot.test.autoconfigure.web.client.MockRestServiceServerResetTestExecutionListener@68ead359, org.springframework.boot.test.autoconfigure.web.servlet.MockMvcPrintOnlyOnFailureTestExecutionListener@6b53bcc2, org.springframework.boot.test.autoconfigure.web.servlet.WebDriverTestExecutionListener@180da663, org.springframework.boot.test.autoconfigure.webservices.client.MockWebServiceServerTestExecutionListener@a43ce46]
11:38:40.453 [main] DEBUG org.springframework.test.context.support.AbstractDirtiesContextTestExecutionListener - Before test class: context [DefaultTestContext@2d36e77e testClass = UserAppControllerTest, testInstance = [null], testMethod = [null], testException = [null], mergedContextConfiguration = [WebMergedContextConfiguration@61c9c3fd testClass = UserAppControllerTest, locations = '{}', classes = '{class com.cognixia.jump.jumpFinalProject}', contextInitializerClasses = '[]', activeProfiles = '{}', propertySourceLocations = '{}', propertySourceProperties = '{org.springframework.boot.test.autoconfigure.web.servlet.WebMvcTestContextBootstrapper=true}', contextCustomizers = set[[ImportsContextCustomizer@3b0c9195 key = [org.springframework.boot.autoconfigure.cache.CacheAutoConfiguration, org.springframework.boot.autoconfigure.context.MessageSourceAutoConfiguration, org.springframework.boot.autoconfigure.data.web.SpringDataWebAutoConfiguration, org.springframework.boot.autoconfigure.freemarker.FreeMarkerAutoConfiguration, org.springframework.boot.autoconfigure.groovy.template.GroovyTemplateAutoConfiguration, org.springframework.boot.autoconfigure.gson.GsonAutoConfiguration, org.springframework.boot.autoconfigure.hateoas.HypermediaAutoConfiguration, org.springframework.boot.autoconfigure.http.HttpMessageConvertersAutoConfiguration, org.springframework.boot.autoconfigure.jackson.JacksonAutoConfiguration, org.springframework.boot.autoconfigure.jsonb.JsonbAutoConfiguration, org.springframework.boot.autoconfigure.mustache.MustacheAutoConfiguration, org.springframework.boot.autoconfigure.task.TaskExecutionAutoConfiguration, org.springframework.boot.autoconfigure.thymeleaf.ThymeleafAutoConfiguration, org.springframework.boot.autoconfigure.validation.ValidationAutoConfiguration, org.springframework.boot.autoconfigure.web.servlet.error.ErrorMvcAutoConfiguration, org.springframework.boot.autoconfigure.web.servlet.HttpEncodingAutoConfiguration, org.springframework.boot.autoconfigure.web.servlet.WebMvcAutoConfiguration, org.springframework.boot.test.autoconfigure.web.servlet.MockMvcAutoConfiguration, org.springframework.boot.test.autoconfigure.web.servlet.MockMvcWebClientAutoConfiguration, org.springframework.boot.test.autoconfigure.web.servlet.MockMvcWebDriverAutoConfiguration, org.springframework.boot.autoconfigure.security.oauth2.client.servlet.OAuth2ClientAutoConfiguration, org.springframework.boot.autoconfigure.security.oauth2.resource.servlet.OAuth2ResourceServerAutoConfiguration, org.springframework.boot.autoconfigure.security.servlet.SecurityFilterAutoConfiguration, org.springframework.boot.autoconfigure.security.servlet.UserDetailsServiceAutoConfiguration, org.springframework.boot.test.autoconfigure.web.servlet.MockMvcSecurityConfiguration, org.springframework.boot.test.autoconfigure.web.reactive.WebTestClientAutoConfiguration]], org.springframework.boot.test.context.filter.ExcludeFilterContextCustomizer@36b4091c, org.springframework.boot.test.json.DuplicateJsonObjectContextCustomizerFactory$DuplicateJsonObjectContextCustomizer@3697186, org.springframework.boot.test.mock.mockito.MockitoContextCustomizer@36c0f9a7, org.springframework.boot.test.autoconfigure.OverrideAutoConfigurationContextCustomizerFactory$DisableAutoConfigurationContextCustomizer@5b6ec132, org.springframework.boot.test.autoconfigure.actuate.metrics.MetricsExportContextCustomizerFactory$DisableMetricExportContextCustomizer@7b205dbd, org.springframework.boot.test.autoconfigure.filter.TypeExcludeFiltersContextCustomizer@faa6cd3a, org.springframework.boot.test.autoconfigure.properties.PropertyMappingContextCustomizer@3e40bcd8, org.springframework.boot.test.autoconfigure.web.servlet.WebDriverContextCustomizerFactory$Customizer@e70f13a, org.springframework.boot.test.context.SpringBootTestArgs@1, org.springframework.boot.test.context.SpringBootTestWebEnvironment@0], resourceBasePath = 'src/main/webapp', contextLoader = 'org.springframework.boot.test.context.SpringBootContextLoader', parent = [null]], attributes = map[[empty]]], class annotated with @DirtiesContext [false] with mode [null].

  .   ____          _            __ _ _
 /\\ / ___'_ __ _ _(_)_ __  __ _ \ \ \ \
( ( )\___ | '_ | '_| | '_ \/ _` | \ \ \ \
 \\/  ___)| |_)| | | | | || (_| |  ) ) ) )
  '  |____| .__|_| |_|_| |_\__, | / / / /
 =========|_|==============|___/=/_/_/_/
 :: Spring Boot ::                (v2.7.7)

2023-02-13 11:38:41.316  INFO 19036 --- [           main] c.c.j.controller.UserAppControllerTest   : Starting UserAppControllerTest using Java 17.0.1 on DESKTOP-CUQJ12M with PID 19036 (started by chari in A:\OneDrive\Documents\GitHub\jumpFinalProject)
2023-02-13 11:38:41.317  INFO 19036 --- [           main] c.c.j.controller.UserAppControllerTest   : The following 1 profile is active: "local"
2023-02-13 11:38:43.042  INFO 19036 --- [           main] o.s.b.t.m.w.SpringBootMockServletContext : Initializing Spring TestDispatcherServlet ''
2023-02-13 11:38:43.042  INFO 19036 --- [           main] o.s.t.web.servlet.TestDispatcherServlet  : Initializing Servlet ''
2023-02-13 11:38:43.043  INFO 19036 --- [           main] o.s.t.web.servlet.TestDispatcherServlet  : Completed initialization in 1 ms
2023-02-13 11:38:43.094  INFO 19036 --- [           main] c.c.j.controller.UserAppControllerTest   : Started UserAppControllerTest in 2.17 seconds (JVM running for 3.523)

MockHttpServletRequest:
      HTTP Method = GET
      Request URI = /api/users
       Parameters = {}
          Headers = []
             Body = null
    Session Attrs = {}

Handler:
             Type = com.cognixia.jump.controller.UserAppController
           Method = com.cognixia.jump.controller.UserAppController#getUsers()

Async:
    Async started = false
     Async result = null

Resolved Exception:
             Type = null

ModelAndView:
        View name = null
             View = null
            Model = null

FlashMap:
       Attributes = null

MockHttpServletResponse:
           Status = 200
    Error message = null
          Headers = [Content-Type:"application/json"]
     Content type = application/json
             Body = [{"user_id":1,"f_name":"ayden","l_name":"abad","roles":null,"username":"ayden333","user_pwd":"123","enabled":true},{"user_id":2,"f_name":"charina","l_name":"abapo","roles":null,"username":"cabapo","user_pwd":"123","enabled":true}]
    Forwarded URL = null
   Redirected URL = null
          Cookies = []

MockHttpServletRequest:
      HTTP Method = GET
      Request URI = /api/users
       Parameters = {}
          Headers = []
             Body = null
    Session Attrs = {}

Handler:
             Type = com.cognixia.jump.controller.UserAppController
           Method = com.cognixia.jump.controller.UserAppController#getUsers()

Async:
    Async started = false
     Async result = null

Resolved Exception:
             Type = null

ModelAndView:
        View name = null
             View = null
            Model = null

FlashMap:
       Attributes = null

MockHttpServletResponse:
           Status = 200
    Error message = null
          Headers = [Content-Type:"application/json"]
     Content type = application/json
             Body = [{"user_id":1,"f_name":"ayden","l_name":"abad","roles":null,"username":"ayden333","user_pwd":"123","enabled":true},{"user_id":2,"f_name":"charina","l_name":"abapo","roles":null,"username":"cabapo","user_pwd":"123","enabled":true}]
    Forwarded URL = null
   Redirected URL = null
          Cookies = []
]]></system-out>
  </testcase>
  <testcase name="testPostUser" classname="com.cognixia.jump.controller.UserAppControllerTest" time="0.028">
    <failure message="Status expected:&lt;201&gt; but was:&lt;400&gt;" type="java.lang.AssertionError"><![CDATA[java.lang.AssertionError: Status expected:<201> but was:<400>
	at com.cognixia.jump.controller.UserAppControllerTest.testPostUser(UserAppControllerTest.java:112)
]]></failure>
    <system-out><![CDATA[2023-02-13 11:38:43.332  WARN 19036 --- [           main] .w.s.m.s.DefaultHandlerExceptionResolver : Resolved [org.springframework.http.converter.HttpMessageNotReadableException: JSON parse error: Unexpected end-of-input: expected close marker for Object (start marker at [Source: (org.springframework.util.StreamUtils$NonClosingInputStream); line: 1, column: 1]); nested exception is com.fasterxml.jackson.core.io.JsonEOFException: Unexpected end-of-input: expected close marker for Object (start marker at [Source: (org.springframework.util.StreamUtils$NonClosingInputStream); line: 1, column: 1])<EOL> at [Source: (org.springframework.util.StreamUtils$NonClosingInputStream); line: 1, column: 112]]

MockHttpServletRequest:
      HTTP Method = POST
      Request URI = /api/user
       Parameters = {}
          Headers = [Content-Type:"application/json;charset=UTF-8", Content-Length:"111"]
             Body = {"id" : 1, "f_name" : "ayden", "l_name" : "abad", "username" : "ayden333", "password" : 123, "enabled" : "true"
    Session Attrs = {}

Handler:
             Type = com.cognixia.jump.controller.UserAppController
           Method = com.cognixia.jump.controller.UserAppController#addUser(UserApp)

Async:
    Async started = false
     Async result = null

Resolved Exception:
             Type = org.springframework.http.converter.HttpMessageNotReadableException

ModelAndView:
        View name = null
             View = null
            Model = null

FlashMap:
       Attributes = null

MockHttpServletResponse:
           Status = 400
    Error message = null
          Headers = []
     Content type = null
             Body = 
    Forwarded URL = null
   Redirected URL = null
          Cookies = []

MockHttpServletRequest:
      HTTP Method = POST
      Request URI = /api/user
       Parameters = {}
          Headers = [Content-Type:"application/json;charset=UTF-8", Content-Length:"111"]
             Body = {"id" : 1, "f_name" : "ayden", "l_name" : "abad", "username" : "ayden333", "password" : 123, "enabled" : "true"
    Session Attrs = {}

Handler:
             Type = com.cognixia.jump.controller.UserAppController
           Method = com.cognixia.jump.controller.UserAppController#addUser(UserApp)

Async:
    Async started = false
     Async result = null

Resolved Exception:
             Type = org.springframework.http.converter.HttpMessageNotReadableException

ModelAndView:
        View name = null
             View = null
            Model = null

FlashMap:
       Attributes = null

MockHttpServletResponse:
           Status = 400
    Error message = null
          Headers = []
     Content type = null
             Body = 
    Forwarded URL = null
   Redirected URL = null
          Cookies = []
]]></system-out>
  </testcase>
</testsuite>